-------------------------------------------------------------------------------
Test set: com.snow.server2.Server2ApplicationTests
-------------------------------------------------------------------------------
Tests run: 1, Failures: 0, Errors: 1, Skipped: 0, Time elapsed: 0.367 s <<< FAILURE! - in com.snow.server2.Server2ApplicationTests
com.snow.server2.Server2ApplicationTests  Time elapsed: 0.365 s  <<< ERROR!
java.lang.IllegalStateException: Unable to find a @SpringBootConfiguration, you need to use @ContextConfiguration or @SpringBootTest(classes=...) with your test

