<?xml version="1.0" encoding="UTF-8"?>
<testsuite xmlns:xsi="http://www.w3.org/2001/XMLSchema-instance" xsi:noNamespaceSchemaLocation="https://maven.apache.org/surefire/maven-surefire-plugin/xsd/surefire-test-report.xsd" name="com.snow.server2.Server2ApplicationTests" time="0.367" tests="1" errors="1" skipped="0" failures="0">
  <properties>
[...]
</properties>
  <testcase name="com.snow.server2.Server2ApplicationTests" classname="com.snow.server2.Server2ApplicationTests" time="0.365">
    <error message="Unable to find a @SpringBootConfiguration, you need to use @ContextConfiguration or @SpringBootTest(classes=...) with your test" type="java.lang.IllegalStateException">java.lang.IllegalStateException: Unable to find a @SpringBootConfiguration, you need to use @ContextConfiguration or @SpringBootTest(classes=...) with your test
</error>
    <system-out><![CDATA[00:13:05.570 [main] DEBUG org.springframework.test.context.BootstrapUtils - Instantiating CacheAwareContextLoaderDelegate from class [org.springframework.test.context.cache.DefaultCacheAwareContextLoaderDelegate]
00:13:05.587 [main] DEBUG org.springframework.test.context.BootstrapUtils - Instantiating BootstrapContext using constructor [public org.springframework.test.context.support.DefaultBootstrapContext(java.lang.Class,org.springframework.test.context.CacheAwareContextLoaderDelegate)]
00:13:05.620 [main] DEBUG org.springframework.test.context.BootstrapUtils - Instantiating TestContextBootstrapper for test class [com.snow.server2.Server2ApplicationTests] from class [org.springframework.boot.test.context.SpringBootTestContextBootstrapper]
00:13:05.637 [main] INFO org.springframework.boot.test.context.SpringBootTestContextBootstrapper - Neither @ContextConfiguration nor @ContextHierarchy found for test class [com.snow.server2.Server2ApplicationTests], using SpringBootContextLoader
00:13:05.642 [main] DEBUG org.springframework.test.context.support.AbstractContextLoader - Did not detect default resource location for test class [com.snow.server2.Server2ApplicationTests]: class path resource [com/snow/server2/Server2ApplicationTests-context.xml] does not exist
00:13:05.644 [main] DEBUG org.springframework.test.context.support.AbstractContextLoader - Did not detect default resource location for test class [com.snow.server2.Server2ApplicationTests]: class path resource [com/snow/server2/Server2ApplicationTestsContext.groovy] does not exist
00:13:05.644 [main] INFO org.springframework.test.context.support.AbstractContextLoader - Could not detect default resource locations for test class [com.snow.server2.Server2ApplicationTests]: no resource found for suffixes {-context.xml, Context.groovy}.
00:13:05.645 [main] INFO org.springframework.test.context.support.AnnotationConfigContextLoaderUtils - Could not detect default configuration classes for test class [com.snow.server2.Server2ApplicationTests]: Server2ApplicationTests does not declare any static, non-private, non-final, nested classes annotated with @Configuration.
00:13:05.693 [main] DEBUG org.springframework.test.context.support.ActiveProfilesUtils - Could not find an 'annotation declaring class' for annotation type [org.springframework.test.context.ActiveProfiles] and class [com.snow.server2.Server2ApplicationTests]
00:13:05.786 [main] DEBUG org.springframework.test.context.BootstrapUtils - Instantiating CacheAwareContextLoaderDelegate from class [org.springframework.test.context.cache.DefaultCacheAwareContextLoaderDelegate]
00:13:05.787 [main] DEBUG org.springframework.test.context.BootstrapUtils - Instantiating BootstrapContext using constructor [public org.springframework.test.context.support.DefaultBootstrapContext(java.lang.Class,org.springframework.test.context.CacheAwareContextLoaderDelegate)]
00:13:05.789 [main] DEBUG org.springframework.test.context.BootstrapUtils - Instantiating TestContextBootstrapper for test class [com.snow.server2.Server2ApplicationTests] from class [org.springframework.boot.test.context.SpringBootTestContextBootstrapper]
00:13:05.790 [main] INFO org.springframework.boot.test.context.SpringBootTestContextBootstrapper - Neither @ContextConfiguration nor @ContextHierarchy found for test class [com.snow.server2.Server2ApplicationTests], using SpringBootContextLoader
00:13:05.792 [main] DEBUG org.springframework.test.context.support.AbstractContextLoader - Did not detect default resource location for test class [com.snow.server2.Server2ApplicationTests]: class path resource [com/snow/server2/Server2ApplicationTests-context.xml] does not exist
00:13:05.792 [main] DEBUG org.springframework.test.context.support.AbstractContextLoader - Did not detect default resource location for test class [com.snow.server2.Server2ApplicationTests]: class path resource [com/snow/server2/Server2ApplicationTestsContext.groovy] does not exist
00:13:05.792 [main] INFO org.springframework.test.context.support.AbstractContextLoader - Could not detect default resource locations for test class [com.snow.server2.Server2ApplicationTests]: no resource found for suffixes {-context.xml, Context.groovy}.
00:13:05.792 [main] INFO org.springframework.test.context.support.AnnotationConfigContextLoaderUtils - Could not detect default configuration classes for test class [com.snow.server2.Server2ApplicationTests]: Server2ApplicationTests does not declare any static, non-private, non-final, nested classes annotated with @Configuration.
00:13:05.800 [main] DEBUG org.springframework.test.context.support.ActiveProfilesUtils - Could not find an 'annotation declaring class' for annotation type [org.springframework.test.context.ActiveProfiles] and class [com.snow.server2.Server2ApplicationTests]
00:13:05.830 [main] DEBUG org.springframework.test.context.BootstrapUtils - Instantiating CacheAwareContextLoaderDelegate from class [org.springframework.test.context.cache.DefaultCacheAwareContextLoaderDelegate]
00:13:05.830 [main] DEBUG org.springframework.test.context.BootstrapUtils - Instantiating BootstrapContext using constructor [public org.springframework.test.context.support.DefaultBootstrapContext(java.lang.Class,org.springframework.test.context.CacheAwareContextLoaderDelegate)]
00:13:05.833 [main] DEBUG org.springframework.test.context.BootstrapUtils - Instantiating TestContextBootstrapper for test class [com.snow.server2.Server2ApplicationTests] from class [org.springframework.boot.test.context.SpringBootTestContextBootstrapper]
00:13:05.836 [main] INFO org.springframework.boot.test.context.SpringBootTestContextBootstrapper - Neither @ContextConfiguration nor @ContextHierarchy found for test class [com.snow.server2.Server2ApplicationTests], using SpringBootContextLoader
00:13:05.838 [main] DEBUG org.springframework.test.context.support.AbstractContextLoader - Did not detect default resource location for test class [com.snow.server2.Server2ApplicationTests]: class path resource [com/snow/server2/Server2ApplicationTests-context.xml] does not exist
00:13:05.838 [main] DEBUG org.springframework.test.context.support.AbstractContextLoader - Did not detect default resource location for test class [com.snow.server2.Server2ApplicationTests]: class path resource [com/snow/server2/Server2ApplicationTestsContext.groovy] does not exist
00:13:05.839 [main] INFO org.springframework.test.context.support.AbstractContextLoader - Could not detect default resource locations for test class [com.snow.server2.Server2ApplicationTests]: no resource found for suffixes {-context.xml, Context.groovy}.
00:13:05.839 [main] INFO org.springframework.test.context.support.AnnotationConfigContextLoaderUtils - Could not detect default configuration classes for test class [com.snow.server2.Server2ApplicationTests]: Server2ApplicationTests does not declare any static, non-private, non-final, nested classes annotated with @Configuration.
00:13:05.841 [main] DEBUG org.springframework.test.context.support.ActiveProfilesUtils - Could not find an 'annotation declaring class' for annotation type [org.springframework.test.context.ActiveProfiles] and class [com.snow.server2.Server2ApplicationTests]
]]></system-out>
  </testcase>
</testsuite>